Created by PLY version 3.11 (http://www.dabeaz.com/ply)

Unused terminals:

    false
    right_dblquotes
    left_dblquotes
    true

Grammar

Rule 0     S' -> PROGRAMA
Rule 1     PROGRAMA -> program id semicolon PROGRAMA_VARS PROGRAMA_FUNC main CUERPO
Rule 2     PROGRAMA_VARS -> VARS
Rule 3     PROGRAMA_VARS -> empty
Rule 4     PROGRAMA_FUNC -> PROGRAMA_FUNC_AUX
Rule 5     PROGRAMA_FUNC -> PROGRAMA_FUNC PROGRAMA_FUNC_AUX
Rule 6     PROGRAMA_FUNC_AUX -> FUNC
Rule 7     PROGRAMA_FUNC_AUX -> empty
Rule 8     VARS -> VARS_AUX
Rule 9     VARS_AUX -> VARS_LIST_VAR
Rule 10    VARS_AUX -> VARS_AUX VARS_LIST_VAR
Rule 11    VARS_LIST_VAR -> VARS_LIST
Rule 12    VARS_LIST_VAR -> VARS_VAR
Rule 13    VARS_LIST -> list TIPO VARS_LIST_AUX semicolon
Rule 14    VARS_LIST_AUX -> id left_sb cteInt right_sb
Rule 15    VARS_LIST_AUX -> VARS_LIST_AUX comma id left_sb cteInt right_sb
Rule 16    VARS_VAR -> var TIPO VARS_VAR_AUX semicolon
Rule 17    VARS_VAR_AUX -> id
Rule 18    VARS_VAR_AUX -> VARS_VAR_AUX comma id
Rule 19    TIPO -> int
Rule 20    TIPO -> float
Rule 21    TIPO -> bool
Rule 22    TIPO -> string
Rule 23    CUERPO -> left_cb CUERPO_AUX right_cb
Rule 24    CUERPO_AUX -> CUERPO_VARS CUERPO_ESTATUTO
Rule 25    CUERPO_AUX -> CUERPO_AUX CUERPO_VARS CUERPO_ESTATUTO
Rule 26    CUERPO_VARS -> VARS
Rule 27    CUERPO_VARS -> empty
Rule 28    CUERPO_ESTATUTO -> ESTATUTO
Rule 29    CUERPO_ESTATUTO -> empty
Rule 30    CUERPOFUNC -> CUERPOFUNC_AUX
Rule 31    CUERPOFUNC_AUX -> CUERPOFUNC_VARS CUERPOFUNC_ESTATUTO
Rule 32    CUERPOFUNC_AUX -> CUERPOFUNC_AUX CUERPOFUNC_VARS CUERPOFUNC_ESTATUTO
Rule 33    CUERPOFUNC_VARS -> VARS
Rule 34    CUERPOFUNC_VARS -> empty
Rule 35    CUERPOFUNC_ESTATUTO -> ESTATUTO
Rule 36    CUERPOFUNC_ESTATUTO -> empty
Rule 37    CUERPORETORNO -> left_cb CUERPORETORNO_AUX right_cb
Rule 38    CUERPORETORNO_AUX -> CUERPORETORNO_CF_AUX RETORNO
Rule 39    CUERPORETORNO_AUX -> CUERPORETORNO_AUX CUERPORETORNO_CF_AUX RETORNO
Rule 40    CUERPORETORNO_CF_AUX -> CUERPOFUNC
Rule 41    CUERPORETORNO_CF_AUX -> empty
Rule 42    RETORNO -> return EXP semicolon
Rule 43    FUNC -> TIPO id left_par FUNC_PARA right_par CUERPORETORNO
Rule 44    FUNC -> VOIDFUNC
Rule 45    FUNC_PARA -> TIPO id
Rule 46    FUNC_PARA -> FUNC_PARA comma TIPO id
Rule 47    VOIDFUNC -> void id left_par VOIDFUNC_PARA right_par left_cb CUERPOFUNC right_cb
Rule 48    VOIDFUNC_PARA -> TIPO id
Rule 49    VOIDFUNC_PARA -> VOIDFUNC_PARA comma TIPO id
Rule 50    ESTATUTO -> ASIGNACION
Rule 51    ESTATUTO -> CONDICION
Rule 52    ESTATUTO -> CICLO
Rule 53    ESTATUTO -> LECTURA
Rule 54    ESTATUTO -> ESCRITURA
Rule 55    ESTATUTO -> LLAMADA
Rule 56    CONDICION -> if CONDICION_ELSEIF CONDICION_ELSE
Rule 57    CONDICION_ELSEIF -> left_par EXPRESION right_par CUERPO
Rule 58    CONDICION_ELSEIF -> CONDICION_ELSEIF elseif left_par EXPRESION right_par CUERPO
Rule 59    CONDICION_ELSE -> else CUERPO
Rule 60    CONDICION_ELSE -> empty
Rule 61    CICLO -> while left_par EXPRESION right_par CUERPO
Rule 62    LECTURA -> cread left_par id right_par semicolon
Rule 63    ESCRITURA -> cwrite left_par EXPRESION right_par semicolon
Rule 64    LLAMADA -> left_par LLAMADA_EXPRESION right_par semicolon
Rule 65    LLAMADA_EXPRESION -> EXPRESION
Rule 66    LLAMADA_EXPRESION -> LLAMADA_EXPRESION comma EXPRESION
Rule 67    EXPRESION -> EXPRESION_NOT EXPRESIONLOGICA EXPRESION_B
Rule 68    EXPRESION_NOT -> not
Rule 69    EXPRESION_NOT -> empty
Rule 70    EXPRESION_B -> and EXPRESION_NOT EXPRESIONLOGICA
Rule 71    EXPRESION_B -> or EXPRESION_NOT EXPRESIONLOGICA
Rule 72    EXPRESION_B -> empty
Rule 73    EXPRESIONLOGICA -> EXP EXPRESIONLOGICA_AUX
Rule 74    EXPRESIONLOGICA_AUX -> lt EXP
Rule 75    EXPRESIONLOGICA_AUX -> gt EXP
Rule 76    EXPRESIONLOGICA_AUX -> ne EXP
Rule 77    EXPRESIONLOGICA_AUX -> ge EXP
Rule 78    EXPRESIONLOGICA_AUX -> le EXP
Rule 79    EXPRESIONLOGICA_AUX -> et EXP
Rule 80    EXPRESIONLOGICA_AUX -> empty
Rule 81    EXP -> TERMINO EXP_AUX
Rule 82    EXP_AUX -> plus EXP
Rule 83    EXP_AUX -> minus EXP
Rule 84    EXP_AUX -> empty
Rule 85    TERMINO -> FACTOR TERMINO_AUX
Rule 86    TERMINO_AUX -> multiply TERMINO
Rule 87    TERMINO_AUX -> divide TERMINO
Rule 88    TERMINO_AUX -> empty
Rule 89    FACTOR -> left_par EXPRESION right_par
Rule 90    FACTOR -> CONSTANTE
Rule 91    FACTOR -> LISTA
Rule 92    FACTOR -> FACTOR_AUX
Rule 93    FACTOR_AUX -> id
Rule 94    FACTOR_AUX -> id LLAMADA_F
Rule 95    LLAMADA_F -> left_par EXPRESION LLAMADAF_AUX right_par
Rule 96    LLAMADAF_AUX -> comma EXPRESION LLAMADAF_AUX
Rule 97    LLAMADAF_AUX -> empty
Rule 98    LISTA -> id left_sb EXP right_sb
Rule 99    CONSTANTE -> NUMERICA
Rule 100   CONSTANTE -> BOOLEANA
Rule 101   CONSTANTE -> STRINGS
Rule 102   NUMERICA -> NUMERICA_AUX
Rule 103   NUMERICA -> plus NUMERICA_AUX
Rule 104   NUMERICA -> minus NUMERICA_AUX
Rule 105   NUMERICA_AUX -> cteInt
Rule 106   NUMERICA_AUX -> cteFloat
Rule 107   BOOLEANA -> cteBool
Rule 108   STRINGS -> cteString
Rule 109   ASIGNACION -> ASIGNACION_AUX equals EXPRESION semicolon
Rule 110   ASIGNACION_AUX -> id
Rule 111   ASIGNACION_AUX -> LISTA
Rule 112   empty -> <empty>

Terminals, with rules where they appear

and                  : 70
bool                 : 21
comma                : 15 18 46 49 66 96
cread                : 62
cteFloat             : 106
cteInt               : 14 15 105
cteString            : 108
cwrite               : 63
divide               : 87
else                 : 59
elseif               : 58
equals               : 109
error                : 
et                   : 79
false                : 
float                : 20
ge                   : 77
gt                   : 75
id                   : 1 14 15 17 18 43 45 46 47 48 49 62 93 94 98 110
if                   : 56
int                  : 19
le                   : 78
left_cb              : 23 37 47
left_dblquotes       : 
left_par             : 43 47 57 58 61 62 63 64 89 95
left_sb              : 14 15 98
list                 : 13
lt                   : 74
main                 : 1
minus                : 83 104
multiply             : 86
ne                   : 76
not                  : 68
or                   : 71
plus                 : 82 103
program              : 1
return               : 42
right_cb             : 23 37 47
right_dblquotes      : 
right_par            : 43 47 57 58 61 62 63 64 89 95
right_sb             : 14 15 98
semicolon            : 1 13 16 42 62 63 64 109
string               : 22
true                 : 
var                  : 16
void                 : 47
while                : 61

Nonterminals, with rules where they appear

ASIGNACION           : 50
ASIGNACION_AUX       : 109
BOOLEANA             : 100
CICLO                : 52
CONDICION            : 51
CONDICION_ELSE       : 56
CONDICION_ELSEIF     : 56 58
CONSTANTE            : 90
CUERPO               : 1 57 58 59 61
CUERPOFUNC           : 40 47
CUERPOFUNC_AUX       : 30 32
CUERPOFUNC_ESTATUTO  : 31 32
CUERPOFUNC_VARS      : 31 32
CUERPORETORNO        : 43
CUERPORETORNO_AUX    : 37 39
CUERPORETORNO_CF_AUX : 38 39
CUERPO_AUX           : 23 25
CUERPO_ESTATUTO      : 24 25
CUERPO_VARS          : 24 25
ESCRITURA            : 54
ESTATUTO             : 28 35
EXP                  : 42 73 74 75 76 77 78 79 82 83 98
EXPRESION            : 57 58 61 63 65 66 89 95 96 109
EXPRESIONLOGICA      : 67 70 71
EXPRESIONLOGICA_AUX  : 73
EXPRESION_B          : 67
EXPRESION_NOT        : 67 70 71
EXP_AUX              : 81
FACTOR               : 85
FACTOR_AUX           : 92
FUNC                 : 6
FUNC_PARA            : 43 46
LECTURA              : 53
LISTA                : 91 111
LLAMADA              : 55
LLAMADAF_AUX         : 95 96
LLAMADA_EXPRESION    : 64 66
LLAMADA_F            : 94
NUMERICA             : 99
NUMERICA_AUX         : 102 103 104
PROGRAMA             : 0
PROGRAMA_FUNC        : 1 5
PROGRAMA_FUNC_AUX    : 4 5
PROGRAMA_VARS        : 1
RETORNO              : 38 39
STRINGS              : 101
TERMINO              : 81 86 87
TERMINO_AUX          : 85
TIPO                 : 13 16 43 45 46 48 49
VARS                 : 2 26 33
VARS_AUX             : 8 10
VARS_LIST            : 11
VARS_LIST_AUX        : 13 15
VARS_LIST_VAR        : 9 10
VARS_VAR             : 12
VARS_VAR_AUX         : 16 18
VOIDFUNC             : 44
VOIDFUNC_PARA        : 47 49
cteBool              : 107
empty                : 3 7 27 29 34 36 41 60 69 72 80 84 88 97

